<?xml version="1.0" encoding="UTF-8"?>
<!-- Generated by org.testng.reporters.JUnitReportReporter -->
<testsuite hostname="DESKTOP-UVCSRH9" name="temp.ReportTest" tests="3" failures="0" timestamp="4 Aug 2019 12:59:00 GMT" time="33.730" errors="0">
  <testcase name="validlogin" time="17.082" classname="temp.ReportTest"/>
  <testcase name="duplicatelogin" time="12.927" classname="temp.ReportTest"/>
  <testcase name="invalidlogin" time="3.721" classname="temp.ReportTest"/>
</testsuite> <!-- temp.ReportTest -->
