<?xml version="1.0" encoding="UTF-8"?>
<!-- Generated by org.testng.reporters.JUnitReportReporter -->
<testsuite hostname="DESKTOP-UVCSRH9" name="com.Vcentry.tnstc.testcases.RegPageTest" tests="4" failures="0" timestamp="10 Aug 2019 11:15:54 GMT" time="15.994" errors="0">
  <testcase name="validateRegpage" time="1.156" classname="com.Vcentry.tnstc.testcases.RegPageTest"/>
  <testcase name="validateRegpage" time="1.013" classname="com.Vcentry.tnstc.testcases.RegPageTest"/>
  <testcase name="validateRegpage" time="0.965" classname="com.Vcentry.tnstc.testcases.RegPageTest"/>
  <testcase name="validateRegpage" time="12.860" classname="com.Vcentry.tnstc.testcases.RegPageTest"/>
</testsuite> <!-- com.Vcentry.tnstc.testcases.RegPageTest -->
